SF:/home/artur/school/currency-converter/src/conversion.ts
FN:2,<instance_members_initializer>
FN:4,getRate
FN:8,setRate
FN:13,removeRate
FN:18,convert
FN:32,toKey
FNDA:8,<instance_members_initializer>
FNDA:5,getRate
FNDA:8,setRate
FNDA:1,removeRate
FNDA:3,convert
FNDA:26,toKey
FNF:6
FNH:6
BRDA:25,5,0,2
BRDA:27,5,1,1
BRF:2
BRH:2
DA:1,1
DA:2,1
DA:4,1
DA:5,6
DA:6,6
DA:8,1
DA:9,9
DA:10,9
DA:11,9
DA:13,1
DA:14,2
DA:15,2
DA:16,2
DA:18,1
DA:19,1
DA:20,1
DA:21,1
DA:22,1
DA:23,4
DA:24,4
DA:25,4
DA:26,6
DA:27,4
DA:28,5
DA:29,5
DA:30,4
DA:32,1
DA:33,27
DA:34,27
DA:35,1
LH:30
LF:30
end_of_record
